<?xml version="1.0" encoding="UTF-8"?>
<!-- Generated by org.testng.reporters.JUnitReportReporter -->
<testsuite hostname="users-MacBook-Pro.local" failures="0" tests="2" name="Page_Test.Safety_Measures_and_Symbols_Glossary_Test" time="72.989" errors="0" timestamp="2025-01-27T16:41:41 IST" skipped="0">
  <testcase classname="Page_Test.Safety_Measures_and_Symbols_Glossary_Test" name="TC066_Verify_Safety_Measures" time="40.749"/>
  <system-out/>
  <testcase classname="Page_Test.Safety_Measures_and_Symbols_Glossary_Test" name="TC067_Verify_Symbols_Glossary" time="32.240"/>
  <system-out/>
</testsuite> <!-- Page_Test.Safety_Measures_and_Symbols_Glossary_Test -->
