<?xml version="1.0" encoding="UTF-8"?>
<!-- Generated by org.testng.reporters.JUnitReportReporter -->
<testsuite hostname="users-MacBook-Pro.local" failures="0" tests="1" name="Page_Test.E_Shop_test" time="23.568" errors="0" timestamp="2024-08-12T10:20:06 IST" skipped="0">
  <testcase classname="Page_Test.E_Shop_test" name="TC121_registered_customers" time="23.568"/>
  <system-out/>
</testsuite> <!-- Page_Test.E_Shop_test -->
