<?xml version="1.0" encoding="UTF-8"?>
<!-- Generated by org.testng.reporters.JUnitReportReporter -->
<testsuite hostname="users-MacBook-Pro.local" failures="0" tests="27" name="Page_Test.Home_Page_Test" time="1544.934" errors="0" timestamp="2024-12-09T10:59:49 IST" skipped="0">
  <testcase classname="Page_Test.Home_Page_Test" name="TC019_Home_page_verify" time="107.073"/>
  <system-out/>
  <testcase classname="Page_Test.Home_Page_Test" name="TC020_verify_SOS" time="112.238"/>
  <system-out/>
  <testcase classname="Page_Test.Home_Page_Test" name="TC021_verify_Navigate" time="38.627"/>
  <system-out/>
  <testcase classname="Page_Test.Home_Page_Test" name="TC022_verify_Exchange" time="41.373"/>
  <system-out/>
  <testcase classname="Page_Test.Home_Page_Test" name="TC023_verify_Vehicle_details" time="26.392"/>
  <system-out/>
  <testcase classname="Page_Test.Home_Page_Test" name="TC024_verify_Vehicle_condition" time="66.989"/>
  <system-out/>
  <testcase classname="Page_Test.Home_Page_Test" name="TC025_verify_Vehicle_valution" time="93.863"/>
  <system-out/>
  <testcase classname="Page_Test.Home_Page_Test" name="TC026_Verify_RC_Documents" time="73.342"/>
  <system-out/>
  <testcase classname="Page_Test.Home_Page_Test" name="TC027_Verify_Insurance_Documents" time="52.364"/>
  <system-out/>
  <testcase classname="Page_Test.Home_Page_Test" name="TC028_Verify_PUC_Documents" time="38.588"/>
  <system-out/>
  <testcase classname="Page_Test.Home_Page_Test" name="TC029_Verify_Challans_Documents" time="13.453"/>
  <system-out/>
  <testcase classname="Page_Test.Home_Page_Test" name="TC030_Verify_Relationship_Manager" time="22.206"/>
  <system-out/>
  <testcase classname="Page_Test.Home_Page_Test" name="TC031_Verify_RSA" time="171.493"/>
  <system-out/>
  <testcase classname="Page_Test.Home_Page_Test" name="TC032_Renew_RSA" time="27.497"/>
  <system-out/>
  <testcase classname="Page_Test.Home_Page_Test" name="TC033_frequently_asked_questions" time="36.004"/>
  <system-out/>
  <testcase classname="Page_Test.Home_Page_Test" name="TC034_Verify_Technical_Support_Manager" time="12.457"/>
  <system-out/>
  <testcase classname="Page_Test.Home_Page_Test" name="TC035_Verify_Dealer_Locator" time="9.721"/>
  <system-out/>
  <testcase classname="Page_Test.Home_Page_Test" name="TC036_Select_city" time="27.244"/>
  <system-out/>
  <testcase classname="Page_Test.Home_Page_Test" name="TC037_View_dealer_name_and_address" time="59.612"/>
  <system-out/>
  <testcase classname="Page_Test.Home_Page_Test" name="TC038_verify_Service_at_home_page" time="29.731"/>
  <system-out/>
  <testcase classname="Page_Test.Home_Page_Test" name="TC039_Helmets_in_PAM" time="133.827"/>
  <system-out/>
  <testcase classname="Page_Test.Home_Page_Test" name="TC040_Lubricant_in_PAM" time="88.394"/>
  <system-out/>
  <testcase classname="Page_Test.Home_Page_Test" name="TC041_Merchandise_in_PAM" time="81.011"/>
  <system-out/>
  <testcase classname="Page_Test.Home_Page_Test" name="TC042_Accessories_in_PAM" time="86.438"/>
  <system-out/>
  <testcase classname="Page_Test.Home_Page_Test" name="TC043_View_All_Accessories_in_PAM" time="60.753"/>
  <system-out/>
  <testcase classname="Page_Test.Home_Page_Test" name="TC044_verify_Check_Out_at_home_page" time="16.287"/>
  <system-out/>
  <testcase classname="Page_Test.Home_Page_Test" name="TC045_verify_Benifits_Vehicle_Exchange" time="17.957"/>
  <system-out/>
</testsuite> <!-- Page_Test.Home_Page_Test -->
