<?xml version="1.0" encoding="UTF-8"?>
<!-- Generated by org.testng.reporters.JUnitReportReporter -->
<testsuite hostname="users-MacBook-Pro.local" failures="0" tests="5" name="Page_Test.Vehicle_Details_test" time="228.697" errors="0" timestamp="2025-01-22T15:25:48 IST" skipped="0">
  <testcase classname="Page_Test.Vehicle_Details_test" name="TC049_Verify_My_Vehicle" time="38.723"/>
  <system-out/>
  <testcase classname="Page_Test.Vehicle_Details_test" name="TC050_Verify_My_Vehicle_Documents" time="92.423"/>
  <system-out/>
  <testcase classname="Page_Test.Vehicle_Details_test" name="TC051_Verify_My_Vehicle_Subscriptions_details" time="41.644"/>
  <system-out/>
  <testcase classname="Page_Test.Vehicle_Details_test" name="TC052_Verify_Owners_Manual" time="18.845"/>
  <system-out/>
  <testcase classname="Page_Test.Vehicle_Details_test" name="TC053_Verify_Tips_and_DIY_videos_inside_sideMenu" time="37.062"/>
  <system-out/>
</testsuite> <!-- Page_Test.Vehicle_Details_test -->
