<?xml version="1.0" encoding="UTF-8"?>
<!-- Generated by org.testng.reporters.JUnitReportReporter -->
<testsuite hostname="users-MacBook-Pro.local" failures="0" tests="7" name="Page_Test.My_Profile_Page_Test" time="416.300" errors="0" timestamp="2025-01-22T14:42:50 IST" skipped="0">
  <testcase classname="Page_Test.My_Profile_Page_Test" name="TC042_Verify_My_Profile" time="30.160"/>
  <system-out/>
  <testcase classname="Page_Test.My_Profile_Page_Test" name="TC043_Degilocker_info_and_my_Vehicles_info" time="17.440"/>
  <system-out/>
  <testcase classname="Page_Test.My_Profile_Page_Test" name="TC044_edit_profile_button" time="38.814"/>
  <system-out/>
  <testcase classname="Page_Test.My_Profile_Page_Test" name="TC045_edit_Personal_Details" time="162.774"/>
  <system-out/>
  <testcase classname="Page_Test.My_Profile_Page_Test" name="TC046_change_original_Personal_Details" time="39.841"/>
  <system-out/>
  <testcase classname="Page_Test.My_Profile_Page_Test" name="TC047_Manage_License" time="93.492"/>
  <system-out/>
  <testcase classname="Page_Test.My_Profile_Page_Test" name="TC048_Verify_emergency_contacts" time="33.779"/>
  <system-out/>
</testsuite> <!-- Page_Test.My_Profile_Page_Test -->
