<?xml version="1.0" encoding="UTF-8"?>
<!-- Generated by org.testng.reporters.JUnitReportReporter -->
<testsuite hostname="users-MacBook-Pro.local" failures="0" tests="31" name="Page_Test.Services_Page_Test" time="1612.100" errors="0" timestamp="2024-08-12T10:20:06 IST" skipped="0">
  <testcase classname="Page_Test.Services_Page_Test" name="TC078_Vehicle_details_on_service_page" time="6.538"/>
  <system-out/>
  <testcase classname="Page_Test.Services_Page_Test" name="TC079_Book_Service" time="65.861"/>
  <system-out/>
  <testcase classname="Page_Test.Services_Page_Test" name="TC080_Review_Service_Details" time="16.946"/>
  <system-out/>
  <testcase classname="Page_Test.Services_Page_Test" name="TC081_Verify_Serviced_book_information" time="17.289"/>
  <system-out/>
  <testcase classname="Page_Test.Services_Page_Test" name="TC082_verify_service_type" time="5.983"/>
  <system-out/>
  <testcase classname="Page_Test.Services_Page_Test" name="TC083_verify_Dealer_information" time="6.905"/>
  <system-out/>
  <testcase classname="Page_Test.Services_Page_Test" name="TC084_verify_Reschedule_Service" time="54.625"/>
  <system-out/>
  <testcase classname="Page_Test.Services_Page_Test" name="TC085_Verify_Reschedule_service_information" time="47.455"/>
  <system-out/>
  <testcase classname="Page_Test.Services_Page_Test" name="TC086_verify_Cancel_Service" time="19.538"/>
  <system-out/>
  <testcase classname="Page_Test.Services_Page_Test" name="TC087_View_Service_schedule_750" time="71.947"/>
  <system-out/>
  <testcase classname="Page_Test.Services_Page_Test" name="TC088_View_Service_schedule_3500" time="64.559"/>
  <system-out/>
  <testcase classname="Page_Test.Services_Page_Test" name="TC089_View_Service_schedule_6500" time="62.260"/>
  <system-out/>
  <testcase classname="Page_Test.Services_Page_Test" name="TC090_View_Service_schedule_9500" time="65.464"/>
  <system-out/>
  <testcase classname="Page_Test.Services_Page_Test" name="TC091_View_Service_schedule_12500" time="66.280"/>
  <system-out/>
  <testcase classname="Page_Test.Services_Page_Test" name="TC092_View_Service_schedule_15500" time="64.294"/>
  <system-out/>
  <testcase classname="Page_Test.Services_Page_Test" name="TC093_View_Service_schedule_18500" time="58.379"/>
  <system-out/>
  <testcase classname="Page_Test.Services_Page_Test" name="TC094_View_Service_schedule_21500" time="60.471"/>
  <system-out/>
  <testcase classname="Page_Test.Services_Page_Test" name="TC095_View_Service_schedule_24500" time="58.695"/>
  <system-out/>
  <testcase classname="Page_Test.Services_Page_Test" name="TC096_View_Service_schedule_27500" time="66.305"/>
  <system-out/>
  <testcase classname="Page_Test.Services_Page_Test" name="TC097_View_Service_schedule_60_days" time="65.640"/>
  <system-out/>
  <testcase classname="Page_Test.Services_Page_Test" name="TC098_View_Service_schedule_160_days" time="62.041"/>
  <system-out/>
  <testcase classname="Page_Test.Services_Page_Test" name="TC099_View_Service_schedule_260_days" time="61.708"/>
  <system-out/>
  <testcase classname="Page_Test.Services_Page_Test" name="TC100_View_Service_schedule_360_days" time="62.166"/>
  <system-out/>
  <testcase classname="Page_Test.Services_Page_Test" name="TC101_View_Service_schedule_460_days" time="64.107"/>
  <system-out/>
  <testcase classname="Page_Test.Services_Page_Test" name="TC102_View_Service_schedule_560_days" time="62.766"/>
  <system-out/>
  <testcase classname="Page_Test.Services_Page_Test" name="TC103_View_Service_schedule_660_days" time="56.793"/>
  <system-out/>
  <testcase classname="Page_Test.Services_Page_Test" name="TC104_View_Service_schedule_760_days" time="59.331"/>
  <system-out/>
  <testcase classname="Page_Test.Services_Page_Test" name="TC105_View_Service_schedule_860_days" time="61.266"/>
  <system-out/>
  <testcase classname="Page_Test.Services_Page_Test" name="TC106_Verify_Last_Serviced" time="7.902"/>
  <system-out/>
  <testcase classname="Page_Test.Services_Page_Test" name="TC107_Verify_all_tips_list" time="125.474"/>
  <system-out/>
  <testcase classname="Page_Test.Services_Page_Test" name="TC108_Verify_all_DIY_Videos_list" time="43.112"/>
  <system-out/>
</testsuite> <!-- Page_Test.Services_Page_Test -->
