<?xml version="1.0" encoding="UTF-8"?>
<!-- Generated by org.testng.reporters.JUnitReportReporter -->
<testsuite hostname="users-MacBook-Pro.local" failures="0" tests="12" name="Page_Test.GoodLifePage_Test" time="406.211" errors="0" timestamp="2024-08-12T10:20:06 IST" skipped="0">
  <testcase classname="Page_Test.GoodLifePage_Test" name="TC109_Verify_goodlife_info" time="25.396"/>
  <system-out/>
  <testcase classname="Page_Test.GoodLifePage_Test" name="TC110_View_All_Membership_Plan" time="101.391"/>
  <system-out/>
  <testcase classname="Page_Test.GoodLifePage_Test" name="TC111_Become_a_Gold_Member" time="39.409"/>
  <system-out/>
  <testcase classname="Page_Test.GoodLifePage_Test" name="TC112_Verify_Membership_Information" time="13.592"/>
  <system-out/>
  <testcase classname="Page_Test.GoodLifePage_Test" name="TC113_Earning_and_Redemption_History" time="18.045"/>
  <system-out/>
  <testcase classname="Page_Test.GoodLifePage_Test" name="TC114_Complete_Profile" time="12.245"/>
  <system-out/>
  <testcase classname="Page_Test.GoodLifePage_Test" name="TC115_Verify_Welcome_Rewards" time="11.031"/>
  <system-out/>
  <testcase classname="Page_Test.GoodLifePage_Test" name="TC116_Verify_refer_friend_in_Goodlife" time="42.512"/>
  <system-out/>
  <testcase classname="Page_Test.GoodLifePage_Test" name="TC117_Verify_Winner_Of_The_Month" time="25.709"/>
  <system-out/>
  <testcase classname="Page_Test.GoodLifePage_Test" name="TC118_verify_Points_Earning_and_Redemption" time="63.533"/>
  <system-out/>
  <testcase classname="Page_Test.GoodLifePage_Test" name="TC119_verify_Service_Privilegers" time="21.347"/>
  <system-out/>
  <testcase classname="Page_Test.GoodLifePage_Test" name="TC120_verify_Benefits_and_Experiences" time="32.001"/>
  <system-out/>
</testsuite> <!-- Page_Test.GoodLifePage_Test -->
